<?xml version="1.0" encoding="UTF-8"?>
<!-- Generated by org.testng.reporters.JUnitReportReporter -->
<testsuite hostname="DESKTOP-F5U5V1J" failures="0" tests="2" name="Runner.RunnerClass" time="0.331" errors="0" timestamp="24 Aug 2022 03:28:50 GMT" skipped="0">
  <testcase classname="Runner.RunnerClass" name="runScenario" time="0.034"/>
  <testcase classname="Runner.RunnerClass" name="runScenario" time="0.297"/>
</testsuite> <!-- Runner.RunnerClass -->
